# JRE version: Java(TM) SE Runtime Environment (17.0.12+8) (build 17.0.12+8-LTS-286)
# Java VM: Java HotSpot(TM) 64-Bit Server VM (17.0.12+8-LTS-286, mixed mode, emulated-client, sharing, tiered, compressed oops, compressed class ptrs, g1 gc, windows-amd64)
GC Precious Log:
 CPUs: 8 total, 8 available
 Memory: 16221M
 Large Page Support: Disabled
 NUMA Support: Disabled
 Compressed Oops: Enabled (Zero based)
 Heap Region Size: 2M
 Heap Min Capacity: 8M
 Heap Initial Capacity: 254M
 Heap Max Capacity: 4056M
 Pre-touch: Disabled
 Parallel Workers: 8
 Concurrent Workers: 2
 Concurrent Refinement Workers: 8
 Periodic GC: Disabled
Heap:
 garbage-first heap   total 81920K, used 33066K [0x0000000702800000, 0x0000000800000000)
  region size 2048K, 4 young (8192K), 1 survivors (2048K)
 Metaspace       used 63977K, committed 64640K, reserved 1114112K
  class space    used 9276K, committed 9600K, reserved 1048576K
GC Heap History (20 events):
Event: 1.473 GC heap before
{Heap before GC invocations=5 (full 0):
 garbage-first heap   total 61440K, used 17818K [0x0000000702800000, 0x0000000800000000)
  region size 2048K, 5 young (10240K), 4 survivors (8192K)
 Metaspace       used 23964K, committed 24320K, reserved 1114112K
  class space    used 3360K, committed 3520K, reserved 1048576K
}
Event: 1.477 GC heap after
{Heap after GC invocations=6 (full 0):
 garbage-first heap   total 61440K, used 16561K [0x0000000702800000, 0x0000000800000000)
  region size 2048K, 1 young (2048K), 1 survivors (2048K)
 Metaspace       used 23964K, committed 24320K, reserved 1114112K
  class space    used 3360K, committed 3520K, reserved 1048576K
}
Event: 1.714 GC heap before
{Heap before GC invocations=6 (full 0):
 garbage-first heap   total 61440K, used 39089K [0x0000000702800000, 0x0000000800000000)
  region size 2048K, 12 young (24576K), 1 survivors (2048K)
 Metaspace       used 26817K, committed 27264K, reserved 1114112K
  class space    used 3811K, committed 4032K, reserved 1048576K
}
Event: 1.715 GC heap after
{Heap after GC invocations=7 (full 0):
 garbage-first heap   total 61440K, used 17243K [0x0000000702800000, 0x0000000800000000)
  region size 2048K, 1 young (2048K), 1 survivors (2048K)
 Metaspace       used 26817K, committed 27264K, reserved 1114112K
  class space    used 3811K, committed 4032K, reserved 1048576K
}
Event: 1.949 GC heap before
{Heap before GC invocations=7 (full 0):
 garbage-first heap   total 61440K, used 39771K [0x0000000702800000, 0x0000000800000000)
  region size 2048K, 13 young (26624K), 1 survivors (2048K)
 Metaspace       used 30367K, committed 30848K, reserved 1114112K
  class space    used 4312K, committed 4544K, reserved 1048576K
}
Event: 1.951 GC heap after
{Heap after GC invocations=8 (full 0):
 garbage-first heap   total 61440K, used 19341K [0x0000000702800000, 0x0000000800000000)
  region size 2048K, 2 young (4096K), 2 survivors (4096K)
 Metaspace       used 30367K, committed 30848K, reserved 1114112K
  class space    used 4312K, committed 4544K, reserved 1048576K
}
Event: 2.155 GC heap before
{Heap before GC invocations=8 (full 0):
 garbage-first heap   total 61440K, used 41869K [0x0000000702800000, 0x0000000800000000)
  region size 2048K, 13 young (26624K), 2 survivors (4096K)
 Metaspace       used 33718K, committed 34176K, reserved 1114112K
  class space    used 4786K, committed 4992K, reserved 1048576K
}
Event: 2.159 GC heap after
{Heap after GC invocations=9 (full 0):
 garbage-first heap   total 161792K, used 20614K [0x0000000702800000, 0x0000000800000000)
  region size 2048K, 1 young (2048K), 1 survivors (2048K)
 Metaspace       used 33718K, committed 34176K, reserved 1114112K
  class space    used 4786K, committed 4992K, reserved 1048576K
}
Event: 2.263 GC heap before
{Heap before GC invocations=9 (full 0):
 garbage-first heap   total 161792K, used 28806K [0x0000000702800000, 0x0000000800000000)
  region size 2048K, 6 young (12288K), 1 survivors (2048K)
 Metaspace       used 35716K, committed 36160K, reserved 1114112K
  class space    used 5100K, committed 5312K, reserved 1048576K
}
Event: 2.265 GC heap after
{Heap after GC invocations=10 (full 0):
 garbage-first heap   total 161792K, used 20656K [0x0000000702800000, 0x0000000800000000)
  region size 2048K, 1 young (2048K), 1 survivors (2048K)
 Metaspace       used 35716K, committed 36160K, reserved 1114112K
  class space    used 5100K, committed 5312K, reserved 1048576K
}
Event: 2.704 GC heap before
{Heap before GC invocations=11 (full 0):
 garbage-first heap   total 81920K, used 67760K [0x0000000702800000, 0x0000000800000000)
  region size 2048K, 24 young (49152K), 1 survivors (2048K)
 Metaspace       used 46803K, committed 47296K, reserved 1114112K
  class space    used 6627K, committed 6848K, reserved 1048576K
}
Event: 2.706 GC heap after
{Heap after GC invocations=12 (full 0):
 garbage-first heap   total 81920K, used 23011K [0x0000000702800000, 0x0000000800000000)
  region size 2048K, 2 young (4096K), 2 survivors (4096K)
 Metaspace       used 46803K, committed 47296K, reserved 1114112K
  class space    used 6627K, committed 6848K, reserved 1048576K
}
Event: 2.715 GC heap before
{Heap before GC invocations=12 (full 0):
 garbage-first heap   total 81920K, used 25059K [0x0000000702800000, 0x0000000800000000)
  region size 2048K, 3 young (6144K), 2 survivors (4096K)
 Metaspace       used 46837K, committed 47296K, reserved 1114112K
  class space    used 6642K, committed 6848K, reserved 1048576K
}
Event: 2.718 GC heap after
{Heap after GC invocations=13 (full 0):
 garbage-first heap   total 81920K, used 23412K [0x0000000702800000, 0x0000000800000000)
  region size 2048K, 1 young (2048K), 1 survivors (2048K)
 Metaspace       used 46837K, committed 47296K, reserved 1114112K
  class space    used 6642K, committed 6848K, reserved 1048576K
}
Event: 3.097 GC heap before
{Heap before GC invocations=13 (full 0):
 garbage-first heap   total 81920K, used 60276K [0x0000000702800000, 0x0000000800000000)
  region size 2048K, 19 young (38912K), 1 survivors (2048K)
 Metaspace       used 56038K, committed 56704K, reserved 1114112K
  class space    used 8081K, committed 8384K, reserved 1048576K
}
Event: 3.098 GC heap after
{Heap after GC invocations=14 (full 0):
 garbage-first heap   total 81920K, used 24308K [0x0000000702800000, 0x0000000800000000)
  region size 2048K, 1 young (2048K), 1 survivors (2048K)
 Metaspace       used 56038K, committed 56704K, reserved 1114112K
  class space    used 8081K, committed 8384K, reserved 1048576K
}
Event: 3.476 GC heap before
{Heap before GC invocations=15 (full 0):
 garbage-first heap   total 81920K, used 63220K [0x0000000702800000, 0x0000000800000000)
  region size 2048K, 20 young (40960K), 1 survivors (2048K)
 Metaspace       used 61657K, committed 62272K, reserved 1114112K
  class space    used 8923K, committed 9216K, reserved 1048576K
}
Event: 3.480 GC heap after
{Heap after GC invocations=16 (full 0):
 garbage-first heap   total 81920K, used 27464K [0x0000000702800000, 0x0000000800000000)
  region size 2048K, 3 young (6144K), 3 survivors (6144K)
 Metaspace       used 61657K, committed 62272K, reserved 1114112K
  class space    used 8923K, committed 9216K, reserved 1048576K
}
Event: 464.670 GC heap before
{Heap before GC invocations=16 (full 0):
 garbage-first heap   total 81920K, used 62280K [0x0000000702800000, 0x0000000800000000)
  region size 2048K, 20 young (40960K), 3 survivors (6144K)
 Metaspace       used 63836K, committed 64576K, reserved 1114112K
  class space    used 9248K, committed 9600K, reserved 1048576K
}
Event: 464.676 GC heap after
{Heap after GC invocations=17 (full 0):
 garbage-first heap   total 81920K, used 28970K [0x0000000702800000, 0x0000000800000000)
  region size 2048K, 1 young (2048K), 1 survivors (2048K)
 Metaspace       used 63836K, committed 64576K, reserved 1114112K
  class space    used 9248K, committed 9600K, reserved 1048576K
}

